 
****************************************
Report : area
Design : rv32i
Version: U-2022.12
Date   : Mon Jul 31 05:13:58 2023
****************************************

Library(s) Used:

    osu018_stdcells (File: /student/home/lib/osu_stdcells/lib/tsmc018/lib/osu018_stdcells.db)

Number of ports:                         1258
Number of nets:                         12842
Number of cells:                        11772
Number of combinational cells:           9791
Number of sequential cells:              1488
Number of macros/black boxes:               0
Number of buf/inv:                       3278
Number of references:                      26

Combinational area:             287873.000000
Buf/Inv area:                    54176.000000
Noncombinational area:          179968.000000
Macro/Black Box area:                0.000000
Net Interconnect area:      undefined  (No wire load specified)

Total cell area:                467841.000000
Total area:                 undefined
1
