Information: Updating design information... (UID-85)
Warning: Design 'rv32i' contains 1 high-fanout nets. A fanout number of 1000 will be used for delay calculations involving these nets. (TIM-134)
 
****************************************
Report : timing
        -path full
        -delay max
        -max_paths 1
Design : rv32i
Version: U-2022.12
Date   : Mon Jul 31 05:13:58 2023
****************************************

 # A fanout number of 1000 was used for high fanout net computations.

Operating Conditions: typical   Library: osu018_stdcells
Wire Load Model Mode: top

  Startpoint: rfile_1/rf_reg[13][25]
              (falling edge-triggered flip-flop clocked by clk)
  Endpoint: instrD_reg[25]
            (rising edge-triggered flip-flop clocked by clk)
  Path Group: clk
  Path Type: max

  Point                                                   Incr       Path
  --------------------------------------------------------------------------
  clock clk (fall edge)                                   2.75       2.75
  clock network delay (ideal)                             0.00       2.75
  rfile_1/rf_reg[13][25]/CLK (DFFNEGX1)                   0.00 #     2.75 f
  rfile_1/rf_reg[13][25]/Q (DFFNEGX1)                     0.16       2.91 f
  rfile_1/U131/Y (OAI22X1)                                0.11       3.02 r
  rfile_1/U192/Y (NOR3X1)                                 0.12       3.14 f
  rfile_1/U2544/Y (AOI22X1)                               0.11       3.25 r
  rfile_1/U125/Y (AOI21X1)                                0.07       3.32 f
  rfile_1/rd2[25] (rfile)                                 0.00       3.32 f
  U2986/Y (MUX2X1)                                        0.10       3.42 r
  U2987/Y (INVX2)                                         0.08       3.50 f
  r123/B[25] (rv32i_DW01_cmp6_9)                          0.00       3.50 f
  r123/U29/Y (INVX2)                                      0.04       3.54 r
  r123/U28/Y (NAND2X1)                                    0.08       3.62 f
  r123/U79/Y (NAND3X1)                                    0.09       3.71 r
  r123/U78/Y (NOR2X1)                                     0.06       3.78 f
  r123/U75/Y (NAND3X1)                                    0.12       3.90 r
  r123/U74/Y (INVX4)                                      0.11       4.01 f
  r123/U302/Y (NAND2X1)                                   0.11       4.11 r
  r123/U252/Y (NAND2X1)                                   0.05       4.16 f
  r123/U251/Y (NOR2X1)                                    0.06       4.22 r
  r123/U248/Y (NAND2X1)                                   0.05       4.27 f
  r123/U232/Y (NOR3X1)                                    0.09       4.36 r
  r123/GE (rv32i_DW01_cmp6_9)                             0.00       4.36 r
  U2627/Y (OR2X2)                                         0.11       4.47 r
  U2628/Y (NAND3X1)                                       0.07       4.54 f
  U2045/Y (NAND3X1)                                       0.11       4.64 r
  U2043/Y (INVX2)                                         0.07       4.71 f
  U1925/Y (AND2X2)                                        0.12       4.83 f
  U2633/Y (NAND2X1)                                       0.06       4.89 r
  U2034/Y (NAND3X1)                                       0.05       4.95 f
  U2324/Y (INVX2)                                         0.07       5.02 r
  U2313/Y (BUFX2)                                         0.18       5.20 r
  U1951/Y (INVX2)                                         0.12       5.32 f
  U2806/Y (OAI21X1)                                       0.08       5.41 r
  instrD_reg[25]/D (DFFSR)                                0.00       5.41 r
  data arrival time                                                  5.41

  clock clk (rise edge)                                   5.50       5.50
  clock network delay (ideal)                             0.00       5.50
  instrD_reg[25]/CLK (DFFSR)                              0.00       5.50 r
  library setup time                                     -0.09       5.41
  data required time                                                 5.41
  --------------------------------------------------------------------------
  data required time                                                 5.41
  data arrival time                                                 -5.41
  --------------------------------------------------------------------------
  slack (MET)                                                        0.00


1
